usage: train_classifier_free_cond_1d_improved_constrained_diffusion.py
       [-h] [--machine MACHINE] [--unet_dim UNET_DIM]
       [--unet_dim_mults UNET_DIM_MULTS]
       [--embed_class_layers_dims EMBED_CLASS_LAYERS_DIMS]
       [--cond_drop_prob COND_DROP_PROB] [--channel_num CHANNEL_NUM]
       [--mask_val MASK_VAL] [--timesteps TIMESTEPS]
       [--objective {pred_v,pred_noise}] [--seq_length SEQ_LENGTH]
       [--batch_size BATCH_SIZE] [--data_path DATA_PATH]
       [--wandb_project_name WANDB_PROJECT_NAME] [--class_dim CLASS_DIM]
       [--training_data_type TRAINING_DATA_TYPE]
       [--training_data_range TRAINING_DATA_RANGE]
       [--training_data_num TRAINING_DATA_NUM] [--max_epoch MAX_EPOCH]
       [--result_folder RESULT_FOLDER]
       [--constraint_violation_weight CONSTRAINT_VIOLATION_WEIGHT]
       [--constraint_condscale CONSTRAINT_CONDSCALE]
       [--training_random_seed TRAINING_RANDOM_SEED]
       [--max_sample_step_with_constraint_loss MAX_SAMPLE_STEP_WITH_CONSTRAINT_LOSS]
       [--constraint_loss_type {one_over_t,gt_threshold,gt_scaled,gt_std,gt_std_absolute,gt_std_threshold,gt_log_likelihood,NA}]
       [--task_type {car,tabletop,cr3bp}]
       [--constraint_gt_sample_num CONSTRAINT_GT_SAMPLE_NUM]
       [--normalize_xt_by_mean_sigma {False,True}]
train_classifier_free_cond_1d_improved_constrained_diffusion.py: error: unrecognized arguments: --device auto
